#
# There is insufficient memory for the Java Runtime Environment to continue.
# Native memory allocation (malloc) failed to allocate 133936 bytes for Chunk::new
# Possible reasons:
#   The system is out of physical RAM or swap space
#   The process is running with CompressedOops enabled, and the Java Heap may be blocking the growth of the native heap
# Possible solutions:
#   Reduce memory load on the system
#   Increase physical memory or swap space
#   Check if swap backing store is full
#   Decrease Java heap size (-Xmx/-Xms)
#   Decrease number of Java threads
#   Decrease Java thread stack sizes (-Xss)
#   Set larger code cache with -XX:ReservedCodeCacheSize=
#   JVM is running with Zero Based Compressed Oops mode in which the Java heap is
#     placed in the first 32GB address space. The Java Heap base address is the
#     maximum limit for the native heap growth. Please use -XX:HeapBaseMinAddress
#     to set the Java Heap base and to place the Java Heap above 32GB virtual address.
# This output file may be truncated or incomplete.
#
#  Out of Memory Error (allocation.cpp:389), pid=13820, tid=0x0000000000001ac8
#
# JRE version: Java(TM) SE Runtime Environment (8.0_221-b11) (build 1.8.0_221-b11)
# Java VM: Java HotSpot(TM) 64-Bit Server VM (25.221-b11 mixed mode windows-amd64 compressed oops)
# Failed to write core dump. Minidumps are not enabled by default on client versions of Windows
#

---------------  T H R E A D  ---------------

Current thread (0x000000001b5d3000):  JavaThread "C2 CompilerThread1" daemon [_thread_in_native, id=6856, stack(0x000000001bfa0000,0x000000001c0a0000)]

Stack: [0x000000001bfa0000,0x000000001c0a0000]
[error occurred during error reporting (printing stack bounds), id 0xc0000005]

Native frames: (J=compiled Java code, j=interpreted, Vv=VM code, C=native code)


Current CompileTask:
C2:   5142 3920       4       org.codehaus.plexus.interpolation.PrefixedValueSourceWrapper::getValue (39 bytes)


---------------  P R O C E S S  ---------------

Java Threads: ( => current thread )
  0x000000001b676800 JavaThread "Service Thread" daemon [_thread_blocked, id=11180, stack(0x000000001c2a0000,0x000000001c3a0000)]
  0x000000001b5e1000 JavaThread "C1 CompilerThread3" daemon [_thread_blocked, id=14196, stack(0x000000001c1a0000,0x000000001c2a0000)]
  0x000000001b5da800 JavaThread "C2 CompilerThread2" daemon [_thread_in_native, id=9824, stack(0x000000001c0a0000,0x000000001c1a0000)]
=>0x000000001b5d3000 JavaThread "C2 CompilerThread1" daemon [_thread_in_native, id=6856, stack(0x000000001bfa0000,0x000000001c0a0000)]
  0x000000001b5ce000 JavaThread "C2 CompilerThread0" daemon [_thread_in_native, id=13516, stack(0x000000001bea0000,0x000000001bfa0000)]
  0x000000001b5cb800 JavaThread "Attach Listener" daemon [_thread_blocked, id=6080, stack(0x000000001bda0000,0x000000001bea0000)]
  0x000000001b5ca000 JavaThread "Signal Dispatcher" daemon [_thread_blocked, id=15392, stack(0x000000001bca0000,0x000000001bda0000)]
  0x000000001b5c0800 JavaThread "Finalizer" daemon [_thread_blocked, id=608, stack(0x000000001baa0000,0x000000001bba0000)]
  0x000000001979c800 JavaThread "Reference Handler" daemon [_thread_blocked, id=15964, stack(0x000000001b9a0000,0x000000001baa0000)]
  0x0000000002182800 JavaThread "main" [_thread_in_Java, id=1372, stack(0x0000000002080000,0x0000000002180000)]

Other Threads:
  0x0000000019799800 VMThread [stack: 0x000000001b4a0000,0x000000001b5a0000] [id=3828]
  0x000000001b691000 WatcherThread [stack: 0x000000001c3a0000,0x000000001c4a0000] [id=12752]

VM state:not at safepoint (normal execution)

VM Mutex/Monitor currently owned by a thread: None

heap address: 0x0000000701200000, size: 3054 MB, Compressed Oops mode: Zero based, Oop shift amount: 3
Narrow klass base: 0x0000000000000000, Narrow klass shift: 3
Compressed class space size: 1073741824 Address: 0x00000007c0000000

Heap:
 PSYoungGen      total 57344K, used 20192K [0x0000000780600000, 0x0000000786a80000, 0x00000007c0000000)
  eden space 49152K, 32% used [0x0000000780600000,0x00000007815b04e0,0x0000000783600000)
  from space 8192K, 50% used [0x0000000783600000,0x0000000783a07c18,0x0000000783e00000)
  to   space 17408K, 0% used [0x0000000785980000,0x0000000785980000,0x0000000786a80000)
 ParOldGen       total 102400K, used 16889K [0x0000000701200000, 0x0000000707600000, 0x0000000780600000)
  object space 102400K, 16% used [0x0000000701200000,0x000000070227e478,0x0000000707600000)
 Metaspace       used 23054K, capacity 23726K, committed 24064K, reserved 1073152K
  class space    used 2790K, capacity 2967K, committed 3072K, reserved 1048576K

Card table byte_map: [0x0000000011640000,0x0000000011c40000] byte_map_base: 0x000000000de37000

Marking Bits: (ParMarkBitMap*) 0x0000000061285ce0
 Begin Bits: [0x0000000012840000, 0x00000000157f8000)
 End Bits:   [0x00000000157f8000, 0x00000000187b0000)

Polling page: 0x0000000000680000

CodeCache: size=245760Kb used=12466Kb max_used=13428Kb free=233293Kb
 bounds [0x0000000002280000, 0x0000000002fd0000, 0x0000000011280000]
 total_blobs=4009 nmethods=3630 adapters=290
 compilation: enabled

Compilation events (10 events):
Event: 5.108 Thread 0x000000001b5e1000 3953       3       org.eclipse.sisu.inject.Implementations::getAnnotation (94 bytes)
Event: 5.109 Thread 0x000000001b5e1000 nmethod 3953 0x00000000024d5050 code [0x00000000024d5260, 0x00000000024d5d48]
Event: 5.123 Thread 0x000000001b5e1000 3955       3       org.eclipse.sisu.plexus.ComponentImpl::<init> (53 bytes)
Event: 5.123 Thread 0x000000001b5e1000 nmethod 3955 0x00000000027e8d90 code [0x00000000027e8f00, 0x00000000027e92a8]
Event: 5.127 Thread 0x000000001b5e1000 3956       3       org.eclipse.sisu.plexus.ComponentImpl::hashCode (71 bytes)
Event: 5.128 Thread 0x000000001b5e1000 nmethod 3956 0x000000000240e650 code [0x000000000240e820, 0x000000000240efb8]
Event: 5.128 Thread 0x000000001b5e1000 3957       3       java.util.Collections::singletonList (9 bytes)
Event: 5.128 Thread 0x000000001b5e1000 nmethod 3957 0x00000000023a0510 code [0x00000000023a0680, 0x00000000023a0990]
Event: 5.128 Thread 0x000000001b5e1000 3958       3       java.util.Collections$SingletonList::<init> (10 bytes)
Event: 5.128 Thread 0x000000001b5e1000 nmethod 3958 0x00000000023cb590 code [0x00000000023cb700, 0x00000000023cb990]

GC Heap History (10 events):
Event: 2.209 GC heap before
{Heap before GC invocations=2 (full 0):
 PSYoungGen      total 57344K, used 57252K [0x0000000780600000, 0x0000000784600000, 0x00000007c0000000)
  eden space 49152K, 100% used [0x0000000780600000,0x0000000783600000,0x0000000783600000)
  from space 8192K, 98% used [0x0000000783600000,0x0000000783de91f0,0x0000000783e00000)
  to   space 8192K, 0% used [0x0000000783e00000,0x0000000783e00000,0x0000000784600000)
 ParOldGen       total 131072K, used 16K [0x0000000701200000, 0x0000000709200000, 0x0000000780600000)
  object space 131072K, 0% used [0x0000000701200000,0x0000000701204000,0x0000000709200000)
 Metaspace       used 15166K, capacity 15420K, committed 15616K, reserved 1062912K
  class space    used 1876K, capacity 1949K, committed 2048K, reserved 1048576K
Event: 2.220 GC heap after
Heap after GC invocations=2 (full 0):
 PSYoungGen      total 57344K, used 8179K [0x0000000780600000, 0x0000000784600000, 0x00000007c0000000)
  eden space 49152K, 0% used [0x0000000780600000,0x0000000780600000,0x0000000783600000)
  from space 8192K, 99% used [0x0000000783e00000,0x00000007845fceb8,0x0000000784600000)
  to   space 8192K, 0% used [0x0000000783600000,0x0000000783600000,0x0000000783e00000)
 ParOldGen       total 131072K, used 1420K [0x0000000701200000, 0x0000000709200000, 0x0000000780600000)
  object space 131072K, 1% used [0x0000000701200000,0x00000007013632e0,0x0000000709200000)
 Metaspace       used 15166K, capacity 15420K, committed 15616K, reserved 1062912K
  class space    used 1876K, capacity 1949K, committed 2048K, reserved 1048576K
}
Event: 3.314 GC heap before
{Heap before GC invocations=3 (full 0):
 PSYoungGen      total 57344K, used 57331K [0x0000000780600000, 0x0000000784600000, 0x00000007c0000000)
  eden space 49152K, 100% used [0x0000000780600000,0x0000000783600000,0x0000000783600000)
  from space 8192K, 99% used [0x0000000783e00000,0x00000007845fceb8,0x0000000784600000)
  to   space 8192K, 0% used [0x0000000783600000,0x0000000783600000,0x0000000783e00000)
 ParOldGen       total 131072K, used 1420K [0x0000000701200000, 0x0000000709200000, 0x0000000780600000)
  object space 131072K, 1% used [0x0000000701200000,0x00000007013632e0,0x0000000709200000)
 Metaspace       used 17394K, capacity 17788K, committed 17920K, reserved 1064960K
  class space    used 2108K, capacity 2233K, committed 2304K, reserved 1048576K
Event: 3.321 GC heap after
Heap after GC invocations=3 (full 0):
 PSYoungGen      total 57344K, used 8176K [0x0000000780600000, 0x0000000784600000, 0x00000007c0000000)
  eden space 49152K, 0% used [0x0000000780600000,0x0000000780600000,0x0000000783600000)
  from space 8192K, 99% used [0x0000000783600000,0x0000000783dfc010,0x0000000783e00000)
  to   space 8192K, 0% used [0x0000000783e00000,0x0000000783e00000,0x0000000784600000)
 ParOldGen       total 131072K, used 2302K [0x0000000701200000, 0x0000000709200000, 0x0000000780600000)
  object space 131072K, 1% used [0x0000000701200000,0x000000070143fb70,0x0000000709200000)
 Metaspace       used 17394K, capacity 17788K, committed 17920K, reserved 1064960K
  class space    used 2108K, capacity 2233K, committed 2304K, reserved 1048576K
}
Event: 3.701 GC heap before
{Heap before GC invocations=4 (full 0):
 PSYoungGen      total 57344K, used 47597K [0x0000000780600000, 0x0000000784600000, 0x00000007c0000000)
  eden space 49152K, 80% used [0x0000000780600000,0x0000000782c7f4c8,0x0000000783600000)
  from space 8192K, 99% used [0x0000000783600000,0x0000000783dfc010,0x0000000783e00000)
  to   space 8192K, 0% used [0x0000000783e00000,0x0000000783e00000,0x0000000784600000)
 ParOldGen       total 131072K, used 2302K [0x0000000701200000, 0x0000000709200000, 0x0000000780600000)
  object space 131072K, 1% used [0x0000000701200000,0x000000070143fb70,0x0000000709200000)
 Metaspace       used 20782K, capacity 21148K, committed 21296K, reserved 1069056K
  class space    used 2536K, capacity 2649K, committed 2688K, reserved 1048576K
Event: 3.712 GC heap after
Heap after GC invocations=4 (full 0):
 PSYoungGen      total 57344K, used 8165K [0x0000000780600000, 0x0000000784600000, 0x00000007c0000000)
  eden space 49152K, 0% used [0x0000000780600000,0x0000000780600000,0x0000000783600000)
  from space 8192K, 99% used [0x0000000783e00000,0x00000007845f95c8,0x0000000784600000)
  to   space 8192K, 0% used [0x0000000783600000,0x0000000783600000,0x0000000783e00000)
 ParOldGen       total 131072K, used 11259K [0x0000000701200000, 0x0000000709200000, 0x0000000780600000)
  object space 131072K, 8% used [0x0000000701200000,0x0000000701cfec18,0x0000000709200000)
 Metaspace       used 20782K, capacity 21148K, committed 21296K, reserved 1069056K
  class space    used 2536K, capacity 2649K, committed 2688K, reserved 1048576K
}
Event: 3.712 GC heap before
{Heap before GC invocations=5 (full 1):
 PSYoungGen      total 57344K, used 8165K [0x0000000780600000, 0x0000000784600000, 0x00000007c0000000)
  eden space 49152K, 0% used [0x0000000780600000,0x0000000780600000,0x0000000783600000)
  from space 8192K, 99% used [0x0000000783e00000,0x00000007845f95c8,0x0000000784600000)
  to   space 8192K, 0% used [0x0000000783600000,0x0000000783600000,0x0000000783e00000)
 ParOldGen       total 131072K, used 11259K [0x0000000701200000, 0x0000000709200000, 0x0000000780600000)
  object space 131072K, 8% used [0x0000000701200000,0x0000000701cfec18,0x0000000709200000)
 Metaspace       used 20782K, capacity 21148K, committed 21296K, reserved 1069056K
  class space    used 2536K, capacity 2649K, committed 2688K, reserved 1048576K
Event: 3.772 GC heap after
Heap after GC invocations=5 (full 1):
 PSYoungGen      total 57344K, used 0K [0x0000000780600000, 0x0000000784600000, 0x00000007c0000000)
  eden space 49152K, 0% used [0x0000000780600000,0x0000000780600000,0x0000000783600000)
  from space 8192K, 0% used [0x0000000783e00000,0x0000000783e00000,0x0000000784600000)
  to   space 8192K, 0% used [0x0000000783600000,0x0000000783600000,0x0000000783e00000)
 ParOldGen       total 102400K, used 16881K [0x0000000701200000, 0x0000000707600000, 0x0000000780600000)
  object space 102400K, 16% used [0x0000000701200000,0x000000070227c478,0x0000000707600000)
 Metaspace       used 20782K, capacity 21148K, committed 21296K, reserved 1069056K
  class space    used 2536K, capacity 2649K, committed 2688K, reserved 1048576K
}
Event: 4.841 GC heap before
{Heap before GC invocations=6 (full 1):
 PSYoungGen      total 57344K, used 49152K [0x0000000780600000, 0x0000000784600000, 0x00000007c0000000)
  eden space 49152K, 100% used [0x0000000780600000,0x0000000783600000,0x0000000783600000)
  from space 8192K, 0% used [0x0000000783e00000,0x0000000783e00000,0x0000000784600000)
  to   space 8192K, 0% used [0x0000000783600000,0x0000000783600000,0x0000000783e00000)
 ParOldGen       total 102400K, used 16881K [0x0000000701200000, 0x0000000707600000, 0x0000000780600000)
  object space 102400K, 16% used [0x0000000701200000,0x000000070227c478,0x0000000707600000)
 Metaspace       used 22868K, capacity 23478K, committed 23680K, reserved 1071104K
  class space    used 2771K, capacity 2927K, committed 2944K, reserved 1048576K
Event: 4.845 GC heap after
Heap after GC invocations=6 (full 1):
 PSYoungGen      total 57344K, used 4127K [0x0000000780600000, 0x0000000786a80000, 0x00000007c0000000)
  eden space 49152K, 0% used [0x0000000780600000,0x0000000780600000,0x0000000783600000)
  from space 8192K, 50% used [0x0000000783600000,0x0000000783a07c18,0x0000000783e00000)
  to   space 17408K, 0% used [0x0000000785980000,0x0000000785980000,0x0000000786a80000)
 ParOldGen       total 102400K, used 16889K [0x0000000701200000, 0x0000000707600000, 0x0000000780600000)
  object space 102400K, 16% used [0x0000000701200000,0x000000070227e478,0x0000000707600000)
 Metaspace       used 22868K, capacity 23478K, committed 23680K, reserved 1071104K
  class space    used 2771K, capacity 2927K, committed 2944K, reserved 1048576K
}

Deoptimization events (10 events):
Event: 4.634 Thread 0x0000000002182800 Uncommon trap: reason=speculate_class_check action=maybe_recompile pc=0x0000000002e81ae0 method=java.nio.charset.CharsetDecoder.decode(Ljava/nio/ByteBuffer;Ljava/nio/CharBuffer;Z)Ljava/nio/charset/CoderResult; @ 57
Event: 4.634 Thread 0x0000000002182800 Uncommon trap: reason=speculate_class_check action=maybe_recompile pc=0x0000000002e81ae0 method=java.nio.charset.CharsetDecoder.decode(Ljava/nio/ByteBuffer;Ljava/nio/CharBuffer;Z)Ljava/nio/charset/CoderResult; @ 57
Event: 4.636 Thread 0x0000000002182800 Uncommon trap: reason=class_check action=maybe_recompile pc=0x0000000002aefce8 method=org.apache.maven.model.interpolation.StringSearchModelInterpolator$InterpolateObjectAction$MapField.doInterpolate(Ljava/lang/Object;Lorg/apache/maven/model/interpolation
Event: 4.636 Thread 0x0000000002182800 Uncommon trap: reason=class_check action=maybe_recompile pc=0x0000000002aefce8 method=org.apache.maven.model.interpolation.StringSearchModelInterpolator$InterpolateObjectAction$MapField.doInterpolate(Ljava/lang/Object;Lorg/apache/maven/model/interpolation
Event: 4.636 Thread 0x0000000002182800 Uncommon trap: reason=class_check action=maybe_recompile pc=0x0000000002aefce8 method=org.apache.maven.model.interpolation.StringSearchModelInterpolator$InterpolateObjectAction$MapField.doInterpolate(Ljava/lang/Object;Lorg/apache/maven/model/interpolation
Event: 4.808 Thread 0x0000000002182800 Uncommon trap: reason=unstable_if action=reinterpret pc=0x0000000002ac3400 method=org.codehaus.plexus.util.xml.pull.MXParser.parseAttribute()C @ 995
Event: 4.999 Thread 0x0000000002182800 Uncommon trap: reason=speculate_class_check action=maybe_recompile pc=0x0000000002e81ae0 method=java.nio.charset.CharsetDecoder.decode(Ljava/nio/ByteBuffer;Ljava/nio/CharBuffer;Z)Ljava/nio/charset/CoderResult; @ 57
Event: 5.000 Thread 0x0000000002182800 Uncommon trap: reason=speculate_class_check action=maybe_recompile pc=0x0000000002e72d78 method=java.nio.charset.CharsetDecoder.decode(Ljava/nio/ByteBuffer;Ljava/nio/CharBuffer;Z)Ljava/nio/charset/CoderResult; @ 57
Event: 5.002 Thread 0x0000000002182800 Uncommon trap: reason=speculate_class_check action=maybe_recompile pc=0x0000000002e72d78 method=java.nio.charset.CharsetDecoder.decode(Ljava/nio/ByteBuffer;Ljava/nio/CharBuffer;Z)Ljava/nio/charset/CoderResult; @ 57
Event: 5.004 Thread 0x0000000002182800 Uncommon trap: reason=unstable_if action=reinterpret pc=0x0000000002efddac method=org.apache.maven.model.interpolation.UrlNormalizingPostProcessor.execute(Ljava/lang/String;Ljava/lang/Object;)Ljava/lang/Object; @ 13

Classes redefined (0 events):
No events

Internal exceptions (10 events):
Event: 1.905 Thread 0x0000000002182800 Implicit null exception at 0x00000000027fcf54 to 0x00000000027fd1b1
Event: 1.906 Thread 0x0000000002182800 Implicit null exception at 0x000000000258ba6f to 0x000000000258bad9
Event: 1.940 Thread 0x0000000002182800 Implicit null exception at 0x000000000254cfd5 to 0x000000000254d1d5
Event: 2.078 Thread 0x0000000002182800 Implicit null exception at 0x00000000026ebcfb to 0x00000000026ec2f5
Event: 2.472 Thread 0x0000000002182800 Implicit null exception at 0x0000000002970703 to 0x0000000002971aa1
Event: 3.212 Thread 0x0000000002182800 Implicit null exception at 0x0000000002b976c2 to 0x0000000002b988a5
Event: 3.251 Thread 0x0000000002182800 Exception <a 'java/lang/ClassNotFoundException': com/sun/tools/javac/api/JavacTool> (0x0000000783349be0) thrown at [C:\re\workspace\8-2-build-windows-amd64-cygwin\jdk8u221\13320\hotspot\src\share\vm\classfile\systemDictionary.cpp, line 210]
Event: 3.524 Thread 0x0000000002182800 Exception <a 'java/io/FileNotFoundException'> (0x000000078160cc38) thrown at [C:\re\workspace\8-2-build-windows-amd64-cygwin\jdk8u221\13320\hotspot\src\share\vm\prims\jni.cpp, line 710]
Event: 3.526 Thread 0x0000000002182800 Exception <a 'java/io/FileNotFoundException'> (0x0000000781641dd0) thrown at [C:\re\workspace\8-2-build-windows-amd64-cygwin\jdk8u221\13320\hotspot\src\share\vm\prims\jni.cpp, line 710]
Event: 3.526 Thread 0x0000000002182800 Exception <a 'java/io/FileNotFoundException'> (0x0000000781642af8) thrown at [C:\re\workspace\8-2-build-windows-amd64-cygwin\jdk8u221\13320\hotspot\src\share\vm\prims\jni.cpp, line 710]

Events (10 events):
Event: 5.135 loading class org/apache/maven/reporting/AbstractMavenReport
Event: 5.135 loading class org/apache/maven/reporting/AbstractMavenReport done
Event: 5.138 loading class org/apache/maven/reporting/MavenReport
Event: 5.138 loading class org/apache/maven/reporting/MavenReport done
Event: 5.139 loading class org/apache/maven/reporting/MavenReport
Event: 5.139 loading class org/apache/maven/reporting/MavenReport done
Event: 5.139 loading class org/apache/maven/reporting/MavenReport
Event: 5.139 loading class org/apache/maven/reporting/MavenReport done
Event: 5.139 loading class org/apache/maven/reporting/MavenReport
Event: 5.139 loading class org/apache/maven/reporting/MavenReport done


Dynamic libraries:
0x00007ff68f110000 - 0x00007ff68f147000 	C:\Program Files\Java\jdk1.8.0_221\bin\java.exe
0x00007ffec20a0000 - 0x00007ffec2290000 	C:\WINDOWS\SYSTEM32\ntdll.dll
0x00007ffe74930000 - 0x00007ffe74944000 	C:\Program Files\AVAST Software\Avast\aswhook.dll
0x00007ffec1dd0000 - 0x00007ffec1e82000 	C:\WINDOWS\System32\KERNEL32.DLL
0x00007ffebfea0000 - 0x00007ffec0143000 	C:\WINDOWS\System32\KERNELBASE.dll
0x00007ffec06a0000 - 0x00007ffec0743000 	C:\WINDOWS\System32\ADVAPI32.dll
0x00007ffec18c0000 - 0x00007ffec195e000 	C:\WINDOWS\System32\msvcrt.dll
0x00007ffec1f40000 - 0x00007ffec1fd7000 	C:\WINDOWS\System32\sechost.dll
0x00007ffec0150000 - 0x00007ffec0270000 	C:\WINDOWS\System32\RPCRT4.dll
0x00007ffec04d0000 - 0x00007ffec0664000 	C:\WINDOWS\System32\USER32.dll
0x00007ffebf0e0000 - 0x00007ffebf101000 	C:\WINDOWS\System32\win32u.dll
0x00007ffec0880000 - 0x00007ffec08a6000 	C:\WINDOWS\System32\GDI32.dll
0x00007ffebfc80000 - 0x00007ffebfe14000 	C:\WINDOWS\System32\gdi32full.dll
0x00007ffebf290000 - 0x00007ffebf32e000 	C:\WINDOWS\System32\msvcp_win.dll
0x00007ffebf190000 - 0x00007ffebf28a000 	C:\WINDOWS\System32\ucrtbase.dll
0x00007ffebe480000 - 0x00007ffebe705000 	C:\WINDOWS\WinSxS\amd64_microsoft.windows.common-controls_6595b64144ccf1df_6.0.18362.418_none_e6c6b287130d565d\COMCTL32.dll
0x00007ffec1960000 - 0x00007ffec1c96000 	C:\WINDOWS\System32\combase.dll
0x00007ffebf480000 - 0x00007ffebf500000 	C:\WINDOWS\System32\bcryptPrimitives.dll
0x00007ffec0670000 - 0x00007ffec069e000 	C:\WINDOWS\System32\IMM32.DLL
0x0000000060980000 - 0x0000000060a52000 	C:\Program Files\Java\jdk1.8.0_221\jre\bin\msvcr100.dll
0x0000000060a60000 - 0x0000000061305000 	C:\Program Files\Java\jdk1.8.0_221\jre\bin\server\jvm.dll
0x00007ffec12d0000 - 0x00007ffec12d8000 	C:\WINDOWS\System32\PSAPI.DLL
0x00007ffeace90000 - 0x00007ffeace99000 	C:\WINDOWS\SYSTEM32\WSOCK32.dll
0x00007ffec17d0000 - 0x00007ffec183f000 	C:\WINDOWS\System32\WS2_32.dll
0x00007ffebc1b0000 - 0x00007ffebc1d4000 	C:\WINDOWS\SYSTEM32\WINMM.dll
0x00007ffeb3a40000 - 0x00007ffeb3a4a000 	C:\WINDOWS\SYSTEM32\VERSION.dll
0x00007ffebc050000 - 0x00007ffebc07d000 	C:\WINDOWS\SYSTEM32\WINMMBASE.dll
0x00007ffebfe20000 - 0x00007ffebfe6a000 	C:\WINDOWS\System32\cfgmgr32.dll
0x00007ffebd4c0000 - 0x00007ffebd4cf000 	C:\Program Files\Java\jdk1.8.0_221\jre\bin\verify.dll
0x00007ffeb59e0000 - 0x00007ffeb5a09000 	C:\Program Files\Java\jdk1.8.0_221\jre\bin\java.dll
0x00007ffeb63e0000 - 0x00007ffeb63f6000 	C:\Program Files\Java\jdk1.8.0_221\jre\bin\zip.dll
0x00007ffec0a30000 - 0x00007ffec1115000 	C:\WINDOWS\System32\SHELL32.dll
0x00007ffec0270000 - 0x00007ffec0319000 	C:\WINDOWS\System32\shcore.dll
0x00007ffebf500000 - 0x00007ffebfc7f000 	C:\WINDOWS\System32\windows.storage.dll
0x00007ffebef80000 - 0x00007ffebef9f000 	C:\WINDOWS\System32\profapi.dll
0x00007ffebefc0000 - 0x00007ffebf00a000 	C:\WINDOWS\System32\powrprof.dll
0x00007ffebef70000 - 0x00007ffebef80000 	C:\WINDOWS\System32\UMPDC.dll
0x00007ffec1ca0000 - 0x00007ffec1cf2000 	C:\WINDOWS\System32\shlwapi.dll
0x00007ffebf010000 - 0x00007ffebf021000 	C:\WINDOWS\System32\kernel.appcore.dll
0x00007ffebf110000 - 0x00007ffebf127000 	C:\WINDOWS\System32\cryptsp.dll
0x00007ffea10a0000 - 0x00007ffea10ba000 	C:\Program Files\Java\jdk1.8.0_221\jre\bin\net.dll
0x00007ffeaf2b0000 - 0x00007ffeaf486000 	C:\WINDOWS\SYSTEM32\urlmon.dll
0x00007ffeafb30000 - 0x00007ffeafdd6000 	C:\WINDOWS\SYSTEM32\iertutil.dll
0x00007ffebe330000 - 0x00007ffebe33c000 	C:\WINDOWS\SYSTEM32\CRYPTBASE.DLL
0x00007ffebe160000 - 0x00007ffebe1c7000 	C:\WINDOWS\system32\mswsock.dll
0x00007ffe9c0d0000 - 0x00007ffe9c0e2000 	C:\Program Files\Java\jdk1.8.0_221\jre\bin\nio.dll

VM Arguments:
jvm_args: -Dclassworlds.conf=C:\NetBeans\netbeans\java\maven\bin\m2.conf -Dmaven.home=C:\NetBeans\netbeans\java\maven -Dmaven.multiModuleProjectDirectory=D:\Perkuliahan\RPL\MoneyBook\mavenproject2 
java_command: org.codehaus.plexus.classworlds.launcher.Launcher -Drunfx.args=-jar "${project.build.directory}/${project.build.finalName}.jar"  -Dmaven.ext.class.path=C:\NetBeans\netbeans\java\maven-nblib\netbeans-eventspy.jar -Dfile.encoding=UTF-8 clean package org.codehaus.mojo:exec-maven-plugin:1.2.1:exec -Dcurrent.jrebel.agent.path=C:\NetBeans\netbeans\java2\griffin\jrebel.jar
java_class_path (initial): C:\NetBeans\netbeans\java\maven\boot\plexus-classworlds-2.5.2.jar
Launcher Type: SUN_STANDARD

Environment Variables:
JAVA_HOME=C:\Program Files\Java\jdk1.8.0_221
PATH=C:\Program Files (x86)\Common Files\Oracle\Java\javapath;C:\Program Files (x86)\Intel\iCLS Client\;C:\Program Files\Intel\iCLS Client\;C:\Windows\system32;C:\Windows;C:\Windows\System32\Wbem;C:\Windows\System32\WindowsPowerShell\v1.0\;C:\Program Files (x86)\Intel\Intel(R) Management Engine Components\DAL;C:\Program Files\Intel\Intel(R) Management Engine Components\DAL;C:\Program Files (x86)\Intel\Intel(R) Management Engine Components\IPT;C:\Program Files\Intel\Intel(R) Management Engine Components\IPT;C:\Program Files (x86)\NVIDIA Corporation\PhysX\Common;C:\Program Files\NVIDIA Corporation\NVIDIA NvDLISR;C:\Program Files\Java\jdk1.8.0_221\bin;C:\WINDOWS\system32;C:\WINDOWS;C:\WINDOWS\System32\Wbem;C:\WINDOWS\System32\WindowsPowerShell\v1.0\;C:\WINDOWS\System32\OpenSSH\;C:\sqlite3;C:\Users\msi\AppData\Local\Microsoft\WindowsApps;
USERNAME=msi
OS=Windows_NT
PROCESSOR_IDENTIFIER=Intel64 Family 6 Model 158 Stepping 9, GenuineIntel



---------------  S Y S T E M  ---------------

OS: Windows 10.0 , 64 bit Build 18362 (10.0.18362.329)

CPU:total 8 (initial active 8) (4 cores per cpu, 2 threads per core) family 6 model 158 stepping 9, cmov, cx8, fxsr, mmx, sse, sse2, sse3, ssse3, sse4.1, sse4.2, popcnt, avx, avx2, aes, clmul, erms, 3dnowpref, lzcnt, ht, tsc, tscinvbit, bmi1, bmi2, adx

Memory: 4k page, physical 12501716k(3412684k free), swap 28052176k(8264k free)

vm_info: Java HotSpot(TM) 64-Bit Server VM (25.221-b11) for windows-amd64 JRE (1.8.0_221-b11), built on Jul  4 2019 04:39:29 by "java_re" with MS VC++ 10.0 (VS2010)

time: Sat Oct 26 19:14:39 2019
timezone: SE Asia Standard Time
elapsed time: 5 seconds (0d 0h 0m 5s)

